<?xml version="1.0" encoding="utf-8" standalone="no"?>
<!--This file represents the results of running a test suite-->
<test-results name="C:\Users\vemo\Desktop\MaxStarMedicalClinicV3.0\MaxStarMedicalClinic\LogicLayer\bin\Debug\LogicLayer.dll" total="0" errors="0" failures="0" not-run="0" inconclusive="0" ignored="0" skipped="0" invalid="0" date="2014-05-09" time="12:56:33">
  <environment nunit-version="2.6.3.13283" clr-version="2.0.50727.8000" os-version="Microsoft Windows NT 6.2.9200.0" platform="Win32NT" cwd="C:\Program Files (x86)\NUnit 2.6.3\bin" machine-name="SAORON" user="vemo" user-domain="Saoron" />
  <culture-info current-culture="en-US" current-uiculture="en-US" />
  <test-suite type="Assembly" name="C:\Users\vemo\Desktop\MaxStarMedicalClinicV3.0\MaxStarMedicalClinic\LogicLayer\bin\Debug\LogicLayer.dll" executed="True" result="Inconclusive" success="False" time="0.026" asserts="0" />
</test-results>